[01.02.2024 21:17:54] [WARNING] mysql_connect: no password specified
[01.02.2024 21:17:54] [ERROR] mysql_connect: handle error: no database specified
[01.02.2024 21:17:54] [ERROR] mysql_errno: invalid connection handle '0'
[01.02.2024 21:18:23] [WARNING] mysql_connect: no password specified
[01.02.2024 21:18:23] [ERROR] mysql_connect: handle error: no database specified
[01.02.2024 21:18:23] [ERROR] mysql_errno: invalid connection handle '0'
[01.02.2024 21:19:00] [WARNING] mysql_connect: no password specified
[01.02.2024 21:19:00] [ERROR] mysql_connect: handle error: no database specified
[01.02.2024 21:19:00] [ERROR] mysql_errno: invalid connection handle '1'
[01.02.2024 21:20:48] [WARNING] mysql_connect: no password specified
[01.02.2024 21:20:50] [ERROR] CConnection::CConnection - establishing connection to MySQL database failed: #2002 'Can't connect to MySQL server on '127.0.0.1' (10061)'
[01.02.2024 21:26:18] [WARNING] mysql_connect: no password specified
[01.02.2024 21:26:18] [ERROR] error #1064 while executing query "CREATE TABLE accounts IF NOT EXISTS ( uID SERIAL PRIMARY KEY,  uName VARCHAR(24),  uPassword VARCHAR(64),  uMail VARCHAR(32) NOT NULL,  uPromocode VARCHAR(16) NOT NULL,  uSkin INT  );
    ": You have an error in your SQL syntax; check the manual that corresponds to your MariaDB server version for the right syntax to use near 'IF NOT EXISTS ( uID SERIAL PRIMARY KEY,  uName VARCHAR(24),  uPassword VARCHA...' at line 1
[01.02.2024 21:28:04] [WARNING] mysql_connect: no password specified
[01.02.2024 21:29:41] [WARNING] mysql_connect: no password specified
[01.02.2024 21:51:02] [WARNING] mysql_connect: no password specified
[01.02.2024 21:54:35] [WARNING] mysql_connect: no password specified
[01.02.2024 21:56:13] [WARNING] mysql_connect: no password specified
[01.02.2024 21:57:23] [WARNING] mysql_connect: no password specified
[01.02.2024 22:01:17] [WARNING] mysql_connect: no password specified
[01.02.2024 22:13:15] [WARNING] mysql_connect: no password specified
[01.02.2024 22:15:01] [WARNING] mysql_connect: no password specified
[01.02.2024 22:52:04] [WARNING] mysql_connect: no password specified
[01.02.2024 22:52:25] [WARNING] mysql_connect: no password specified
[01.02.2024 23:56:28] [WARNING] mysql_connect: no password specified
[01.02.2024 23:57:13] [ERROR] error #1054 while executing query "SELECT promoname FROM `promocodes` WHERE `promoname` = '#dsadas' LIMIT 1": Unknown column 'promoname' in 'field list'
[01.02.2024 23:57:13] [ERROR] cache_get_row_count: no active cache
[01.02.2024 23:57:13] [ERROR] cache_delete: invalid cache id '0'
[01.02.2024 23:59:09] [WARNING] mysql_connect: no password specified
[02.02.2024 0:03:48] [WARNING] mysql_connect: no password specified
[02.02.2024 0:06:01] [WARNING] mysql_connect: no password specified
[02.02.2024 0:12:52] [WARNING] mysql_connect: no password specified
[02.02.2024 0:20:46] [WARNING] mysql_connect: no password specified
[02.02.2024 0:24:05] [WARNING] mysql_connect: no password specified
[02.02.2024 0:30:47] [WARNING] mysql_connect: no password specified
[02.02.2024 0:32:48] [WARNING] mysql_connect: no password specified
[02.02.2024 0:33:16] [ERROR] cache_get_value_name_int: invalid row index '0' (number of rows: '0')
[02.02.2024 0:33:16] [ERROR] cache_get_value_name_int: invalid row index '0' (number of rows: '0')
[02.02.2024 0:33:16] [ERROR] cache_get_value_name_int: invalid row index '0' (number of rows: '0')
[02.02.2024 0:33:16] [ERROR] cache_get_value_name_int: invalid row index '0' (number of rows: '0')
[02.02.2024 0:33:16] [ERROR] cache_get_value_name: invalid row index '0' (number of rows: '0')
[02.02.2024 0:33:16] [ERROR] cache_get_value_name: invalid row index '0' (number of rows: '0')
[02.02.2024 10:08:26] [WARNING] mysql_connect: no password specified
[02.02.2024 10:09:42] [WARNING] mysql_connect: no password specified
[02.02.2024 10:25:36] [WARNING] mysql_connect: no password specified
[02.02.2024 10:27:23] [WARNING] mysql_connect: no password specified
[02.02.2024 10:28:05] [WARNING] mysql_connect: no password specified
[02.02.2024 10:28:25] [ERROR] mysql_format: destination size '89' is too small
[02.02.2024 10:28:25] [ERROR] cache_get_row_count: no active cache
[02.02.2024 10:28:25] [ERROR] error #1065 while executing query "": Query was empty
[02.02.2024 10:30:37] [WARNING] mysql_connect: no password specified
[02.02.2024 10:50:48] [WARNING] mysql_connect: no password specified
[02.02.2024 10:51:34] [ERROR] cache_get_value_name_int: invalid row index '0' (number of rows: '0')
[02.02.2024 10:51:34] [ERROR] cache_get_value_name_int: invalid row index '0' (number of rows: '0')
[02.02.2024 10:51:34] [ERROR] cache_get_value_name_int: invalid row index '0' (number of rows: '0')
[02.02.2024 10:51:34] [ERROR] cache_get_value_name_int: invalid row index '0' (number of rows: '0')
[02.02.2024 10:51:34] [ERROR] cache_get_value_name: invalid row index '0' (number of rows: '0')
[02.02.2024 10:51:34] [ERROR] cache_get_value_name: invalid row index '0' (number of rows: '0')
[02.02.2024 10:54:40] [WARNING] mysql_connect: no password specified
[02.02.2024 10:55:14] [ERROR] cache_get_value_name_int: invalid row index '0' (number of rows: '0')
[02.02.2024 10:55:14] [ERROR] cache_get_value_name_int: invalid row index '0' (number of rows: '0')
[02.02.2024 10:55:14] [ERROR] cache_get_value_name_int: invalid row index '0' (number of rows: '0')
[02.02.2024 10:55:14] [ERROR] cache_get_value_name_int: invalid row index '0' (number of rows: '0')
[02.02.2024 10:55:14] [ERROR] cache_get_value_name: invalid row index '0' (number of rows: '0')
[02.02.2024 10:55:14] [ERROR] cache_get_value_name: invalid row index '0' (number of rows: '0')
[02.02.2024 11:01:07] [WARNING] mysql_connect: no password specified
[02.02.2024 11:01:32] [ERROR] cache_get_value_name: field 'uEmail' not found
[02.02.2024 11:03:51] [WARNING] mysql_connect: no password specified
[02.02.2024 11:19:25] [WARNING] mysql_connect: no password specified
[02.02.2024 11:20:08] [ERROR] mysql_format: destination size '89' is too small
[02.02.2024 11:20:08] [ERROR] error #1065 while executing query "": Query was empty
[02.02.2024 11:20:08] [ERROR] cache_get_row_count: no active cache
[02.02.2024 11:20:08] [ERROR] cache_delete: invalid cache id '0'
[02.02.2024 11:20:11] [ERROR] mysql_format: destination size '89' is too small
[02.02.2024 11:20:11] [ERROR] error #1065 while executing query "": Query was empty
[02.02.2024 11:20:11] [ERROR] cache_get_row_count: no active cache
[02.02.2024 11:20:11] [ERROR] cache_delete: invalid cache id '0'
[02.02.2024 11:20:17] [ERROR] mysql_format: destination size '89' is too small
[02.02.2024 11:20:17] [ERROR] error #1065 while executing query "": Query was empty
[02.02.2024 11:20:17] [ERROR] cache_get_row_count: no active cache
[02.02.2024 11:20:17] [ERROR] cache_delete: invalid cache id '0'
[02.02.2024 11:27:56] [WARNING] mysql_connect: no password specified
[02.02.2024 11:32:45] [WARNING] mysql_connect: no password specified
[02.02.2024 11:35:03] [WARNING] mysql_connect: no password specified
[02.02.2024 15:52:14] [WARNING] mysql_connect: no password specified
[02.02.2024 15:53:47] [WARNING] mysql_connect: no password specified
[02.02.2024 15:55:27] [WARNING] mysql_connect: no password specified
[02.02.2024 15:59:10] [WARNING] mysql_connect: no password specified
[02.02.2024 16:00:44] [WARNING] mysql_connect: no password specified
[02.02.2024 16:02:13] [WARNING] mysql_connect: no password specified
[02.02.2024 16:04:43] [WARNING] mysql_connect: no password specified
[02.02.2024 16:10:52] [WARNING] mysql_connect: no password specified
[02.02.2024 16:12:49] [WARNING] mysql_connect: no password specified
[02.02.2024 16:19:44] [WARNING] mysql_connect: no password specified
[02.02.2024 16:26:45] [WARNING] mysql_connect: no password specified
[02.02.2024 16:31:02] [WARNING] mysql_connect: no password specified
[02.02.2024 16:32:27] [WARNING] mysql_connect: no password specified
